<html>
<head>
<title>TestNG:  Only One State with minimun Loan Amount</title>
<link href="../testng.css" rel="stylesheet" type="text/css" />
<link href="../my-testng.css" rel="stylesheet" type="text/css" />

<style type="text/css">
.log { display: none;} 
.stack-trace { display: none;} 
</style>
<script type="text/javascript">
<!--
function flip(e) {
  current = e.style.display;
  if (current == 'block') {
    e.style.display = 'none';
    return 0;
  }
  else {
    e.style.display = 'block';
    return 1;
  }
}

function toggleBox(szDivId, elem, msg1, msg2)
{
  var res = -1;  if (document.getElementById) {
    res = flip(document.getElementById(szDivId));
  }
  else if (document.all) {
    // this is the way old msie versions work
    res = flip(document.all[szDivId]);
  }
  if(elem) {
    if(res == 0) elem.innerHTML = msg1; else elem.innerHTML = msg2;
  }

}

function toggleAllBoxes() {
  if (document.getElementsByTagName) {
    d = document.getElementsByTagName('div');
    for (i = 0; i < d.length; i++) {
      if (d[i].className == 'log') {
        flip(d[i]);
      }
    }
  }
}

// -->
</script>

</head>
<body>
<h2 align='center'>Only One State with minimun Loan Amount</h2><table border='1' align="center">
<tr>
<td>Tests passed/Failed/Skipped:</td><td>4/0/0</td>
</tr><tr>
<td>Started on:</td><td>Tue Feb 05 19:18:19 ART 2019</td>
</tr>
<tr><td>Total time:</td><td>1 seconds (1394 ms)</td>
</tr><tr>
<td>Included groups:</td><td></td>
</tr><tr>
<td>Excluded groups:</td><td></td>
</tr>
</table><p/>
<small><i>(Hover the method name to see the test class name)</i></small><p/>
<table width='100%' border='1' class='invocation-failed'>
<tr><td colspan='4' align='center'><b>FAILED TESTS</b></td></tr>
<tr><td><b>Test method</b></td>
<td width="30%"><b>Exception</b></td>
<td width="10%"><b>Time (seconds)</b></td>
<td><b>Instance</b></td>
</tr>
<tr>
<td title='com.upgrade.UpgradeAPITesting.tests.VerifyAllStateNamesAreValidTest.checkAllStateNamesAreValid()'><b>checkAllStateNamesAreValid</b><br>Test class: com.upgrade.UpgradeAPITesting.tests.VerifyAllStateNamesAreValidTest<br>Test method: State Names Validation<br/>
<a href="#Output-244577237" onClick='toggleBox("Output-244577237", this, "Show output", "Hide output");'>Show output</a>

<a href="#Output-244577237" onClick="toggleAllBoxes();">Show all outputs</a>
<div class='log' id="Output-244577237">
[INFO 02-05-2019 19:18:17 -03:00] AlabamaState is Valid<br/>
[INFO 02-05-2019 19:18:17 -03:00] AlaskaState is Valid<br/>
[INFO 02-05-2019 19:18:17 -03:00] ArizonaState is Valid<br/>
[INFO 02-05-2019 19:18:17 -03:00] ArkansasState is Valid<br/>
[INFO 02-05-2019 19:18:17 -03:00] CaliforniaState is Valid<br/>
[INFO 02-05-2019 19:18:17 -03:00] ConnecticutState is Valid<br/>
[INFO 02-05-2019 19:18:17 -03:00] DelawareState is Valid<br/>
[INFO 02-05-2019 19:18:17 -03:00] District of ColumbiaState is NOT Valid. Thus, State List is invalid<br/>
</div>
</td>
<td><div><pre>java.lang.AssertionError: expected [true] but found [false]
	at org.testng.Assert.fail(Assert.java:96)
	at org.testng.Assert.failNotEquals(Assert.java:776)
	at org.testng.Assert.assertTrue(Assert.java:44)
	at org.testng.Assert.assertTrue(Assert.java:54)
	at com.upgrade.UpgradeAPITesting.tests.VerifyAllStateNamesAreValidTest.checkAllStateNamesAreValid(VerifyAllStateNamesAreValidTest.java:25)
	at sun.reflect.NativeMethodAccessorImpl.invoke0(Native Method)
	at sun.reflect.NativeMethodAccessorImpl.invoke(NativeMethodAccessorImpl.java:62)
	at sun.reflect.DelegatingMethodAccessorImpl.invoke(DelegatingMethodAccessorImpl.java:43)
	at java.lang.reflect.Method.invoke(Method.java:498)
	at org.testng.internal.MethodInvocationHelper.invokeMethod(MethodInvocationHelper.java:124)
	at org.testng.internal.Invoker.invokeMethod(Invoker.java:583)
	at org.testng.internal.Invoker.invokeTestMethod(Invoker.java:719)
	at org.testng.internal.Invoker.invokeTestMethods(Invoker.java:989)
	at org.testng.internal.TestMethodWorker.invokeTestMethods(TestMethodWorker.java:125)
	at org.testng.internal.TestMethodWorker.run(TestMethodWorker.java:109)
	at org.testng.TestRunner.privateRun(TestRunner.java:648)
	at org.testng.TestRunner.run(TestRunner.java:505)
	at org.testng.SuiteRunner.runTest(SuiteRunner.java:455)
	at org.testng.SuiteRunner.runSequentially(SuiteRunner.java:450)
	at org.testng.SuiteRunner.privateRun(SuiteRunner.java:415)
	at org.testng.SuiteRunner.run(SuiteRunner.java:364)
	at org.testng.SuiteRunnerWorker.runSuite(SuiteRunnerWorker.java:52)
	at org.testng.SuiteRunnerWorker.run(SuiteRunnerWorker.java:84)
	at org.testng.TestNG.runSuitesSequentially(TestNG.java:1208)
	at org.testng.TestNG.runSuitesLocally(TestNG.java:1137)
	at org.testng.TestNG.runSuites(TestNG.java:1049)
	at org.testng.TestNG.run(TestNG.java:1017)
	at org.testng.IDEARemoteTestNG.run(IDEARemoteTestNG.java:72)
	at org.testng.RemoteTestNGStarter.main(RemoteTestNGStarter.java:123)
</pre></div><a href='#' onClick='toggleBox("stack-trace244577237", this, "Click to show all stack frames", "Click to hide stack frames")'>Click to show all stack frames</a>
<div class='stack-trace' id='stack-trace244577237'><pre>java.lang.AssertionError: expected [true] but found [false]
	at org.testng.Assert.fail(Assert.java:96)
	at org.testng.Assert.failNotEquals(Assert.java:776)
	at org.testng.Assert.assertTrue(Assert.java:44)
	at org.testng.Assert.assertTrue(Assert.java:54)
	at com.upgrade.UpgradeAPITesting.tests.VerifyAllStateNamesAreValidTest.checkAllStateNamesAreValid(VerifyAllStateNamesAreValidTest.java:25)
	at sun.reflect.NativeMethodAccessorImpl.invoke0(Native Method)
	at sun.reflect.NativeMethodAccessorImpl.invoke(NativeMethodAccessorImpl.java:62)
	at sun.reflect.DelegatingMethodAccessorImpl.invoke(DelegatingMethodAccessorImpl.java:43)
	at java.lang.reflect.Method.invoke(Method.java:498)
	at org.testng.internal.MethodInvocationHelper.invokeMethod(MethodInvocationHelper.java:124)
	at org.testng.internal.Invoker.invokeMethod(Invoker.java:583)
	at org.testng.internal.Invoker.invokeTestMethod(Invoker.java:719)
	at org.testng.internal.Invoker.invokeTestMethods(Invoker.java:989)
	at org.testng.internal.TestMethodWorker.invokeTestMethods(TestMethodWorker.java:125)
	at org.testng.internal.TestMethodWorker.run(TestMethodWorker.java:109)
	at org.testng.TestRunner.privateRun(TestRunner.java:648)
	at org.testng.TestRunner.run(TestRunner.java:505)
	at org.testng.SuiteRunner.runTest(SuiteRunner.java:455)
	at org.testng.SuiteRunner.runSequentially(SuiteRunner.java:450)
	at org.testng.SuiteRunner.privateRun(SuiteRunner.java:415)
	at org.testng.SuiteRunner.run(SuiteRunner.java:364)
	at org.testng.SuiteRunnerWorker.runSuite(SuiteRunnerWorker.java:52)
	at org.testng.SuiteRunnerWorker.run(SuiteRunnerWorker.java:84)
	at org.testng.TestNG.runSuitesSequentially(TestNG.java:1208)
	at org.testng.TestNG.runSuitesLocally(TestNG.java:1137)
	at org.testng.TestNG.runSuites(TestNG.java:1049)
	at org.testng.TestNG.run(TestNG.java:1017)
	at org.testng.IDEARemoteTestNG.run(IDEARemoteTestNG.java:72)
	at org.testng.RemoteTestNGStarter.main(RemoteTestNGStarter.java:123)
</pre></div></td>
<td>0</td>
<td>com.upgrade.UpgradeAPITesting.tests.VerifyAllStateNamesAreValidTest@6a024a67</td></tr>
</table><p>
<table width='100%' border='1' class='invocation-passed'>
<tr><td colspan='4' align='center'><b>PASSED TESTS</b></td></tr>
<tr><td><b>Test method</b></td>
<td width="30%"><b>Exception</b></td>
<td width="10%"><b>Time (seconds)</b></td>
<td><b>Instance</b></td>
</tr>
<tr>
<td title='com.upgrade.UpgradeAPITesting.tests.VerifyMinAgeTest.checkMinAge()'><b>checkMinAge</b><br>Test class: com.upgrade.UpgradeAPITesting.tests.VerifyMinAgeTest<br>Test method: Minimun Age 19<br/>
<a href="#Output-1875108260" onClick='toggleBox("Output-1875108260", this, "Show output", "Hide output");'>Show output</a>

<a href="#Output-1875108260" onClick="toggleAllBoxes();">Show all outputs</a>
<div class='log' id="Output-1875108260">
[INFO 02-05-2019 19:18:19 -03:00] Alabama has 19 as a minimun age<br/>
</div>
</td>
<td></td>
<td>0</td>
<td>com.upgrade.UpgradeAPITesting.tests.VerifyMinAgeTest@5034c75a</td></tr>
<tr>
<td title='com.upgrade.UpgradeAPITesting.tests.VerifyMinLoanTest.checkMinLoan()'><b>checkMinLoan</b><br>Test class: com.upgrade.UpgradeAPITesting.tests.VerifyMinLoanTest<br>Test method: Minimun Loan Requirement as $3005<br/>
<a href="#Output-455726379" onClick='toggleBox("Output-455726379", this, "Show output", "Hide output");'>Show output</a>

<a href="#Output-455726379" onClick="toggleAllBoxes();">Show all outputs</a>
<div class='log' id="Output-455726379">
[INFO 02-05-2019 19:18:20 -03:00] Georgia has $3005 as a minimun loan requirement<br/>
</div>
</td>
<td></td>
<td>0</td>
<td>com.upgrade.UpgradeAPITesting.tests.VerifyMinLoanTest@58651fd0</td></tr>
<tr>
<td title='com.upgrade.UpgradeAPITesting.tests.VerifyAllStateNamesAreValidTest.checkSchema()'><b>checkSchema</b><br>Test class: com.upgrade.UpgradeAPITesting.tests.VerifyAllStateNamesAreValidTest<br>Test method: Response Validation against Schema<br/>
<a href="#Output-1995952705" onClick='toggleBox("Output-1995952705", this, "Show output", "Hide output");'>Show output</a>

<a href="#Output-1995952705" onClick="toggleAllBoxes();">Show all outputs</a>
<div class='log' id="Output-1995952705">
[INFO 02-05-2019 19:18:17 -03:00] States List is valid<br/>
</div>
</td>
<td></td>
<td>0</td>
<td>com.upgrade.UpgradeAPITesting.tests.VerifyAllStateNamesAreValidTest@6a024a67</td></tr>
<tr>
<td title='com.upgrade.UpgradeAPITesting.tests.VerifyMinAgeTest.checkSchema()'><b>checkSchema</b><br>Test class: com.upgrade.UpgradeAPITesting.tests.VerifyMinAgeTest<br>Test method: Response Validation against Schema<br/>
<a href="#Output-1479100519" onClick='toggleBox("Output-1479100519", this, "Show output", "Hide output");'>Show output</a>

<a href="#Output-1479100519" onClick="toggleAllBoxes();">Show all outputs</a>
<div class='log' id="Output-1479100519">
[INFO 02-05-2019 19:18:19 -03:00] States List is valid<br/>
</div>
</td>
<td></td>
<td>0</td>
<td>com.upgrade.UpgradeAPITesting.tests.VerifyMinAgeTest@5034c75a</td></tr>
<tr>
<td title='com.upgrade.UpgradeAPITesting.tests.VerifyMinLoanTest.checkSchema()'><b>checkSchema</b><br>Test class: com.upgrade.UpgradeAPITesting.tests.VerifyMinLoanTest<br>Test method: Response Validation against Schema<br/>
<a href="#Output-1863103905" onClick='toggleBox("Output-1863103905", this, "Show output", "Hide output");'>Show output</a>

<a href="#Output-1863103905" onClick="toggleAllBoxes();">Show all outputs</a>
<div class='log' id="Output-1863103905">
[INFO 02-05-2019 19:18:20 -03:00] States List is valid<br/>
</div>
</td>
<td></td>
<td>0</td>
<td>com.upgrade.UpgradeAPITesting.tests.VerifyMinLoanTest@58651fd0</td></tr>
<tr>
<td title='com.upgrade.UpgradeAPITesting.tests.VerifyAllStateNamesAreValidTest.checkStatusCode()'><b>checkStatusCode</b><br>Test class: com.upgrade.UpgradeAPITesting.tests.VerifyAllStateNamesAreValidTest<br>Test method: Status Code<br/>
<a href="#Output-538667887" onClick='toggleBox("Output-538667887", this, "Show output", "Hide output");'>Show output</a>

<a href="#Output-538667887" onClick="toggleAllBoxes();">Show all outputs</a>
<div class='log' id="Output-538667887">
[INFO 02-05-2019 19:18:17 -03:00] Status Code is 200<br/>
</div>
</td>
<td></td>
<td>0</td>
<td>com.upgrade.UpgradeAPITesting.tests.VerifyAllStateNamesAreValidTest@6a024a67</td></tr>
<tr>
<td title='com.upgrade.UpgradeAPITesting.tests.VerifyMinAgeTest.checkStatusCode()'><b>checkStatusCode</b><br>Test class: com.upgrade.UpgradeAPITesting.tests.VerifyMinAgeTest<br>Test method: Status Code<br/>
<a href="#Output-1473313929" onClick='toggleBox("Output-1473313929", this, "Show output", "Hide output");'>Show output</a>

<a href="#Output-1473313929" onClick="toggleAllBoxes();">Show all outputs</a>
<div class='log' id="Output-1473313929">
[INFO 02-05-2019 19:18:19 -03:00] Status Code is 200<br/>
</div>
</td>
<td></td>
<td>0</td>
<td>com.upgrade.UpgradeAPITesting.tests.VerifyMinAgeTest@5034c75a</td></tr>
<tr>
<td title='com.upgrade.UpgradeAPITesting.tests.VerifyMinLoanTest.checkStatusCode()'><b>checkStatusCode</b><br>Test class: com.upgrade.UpgradeAPITesting.tests.VerifyMinLoanTest<br>Test method: Status Code<br/>
<a href="#Output-1726519676" onClick='toggleBox("Output-1726519676", this, "Show output", "Hide output");'>Show output</a>

<a href="#Output-1726519676" onClick="toggleAllBoxes();">Show all outputs</a>
<div class='log' id="Output-1726519676">
[INFO 02-05-2019 19:18:20 -03:00] Status Code is 200<br/>
</div>
</td>
<td></td>
<td>0</td>
<td>com.upgrade.UpgradeAPITesting.tests.VerifyMinLoanTest@58651fd0</td></tr>
<tr>
<td title='com.upgrade.UpgradeAPITesting.tests.VerifyAllStateNamesAreValidTest.checkTotalStateCount()'><b>checkTotalStateCount</b><br>Test class: com.upgrade.UpgradeAPITesting.tests.VerifyAllStateNamesAreValidTest<br>Test method: States Count<br/>
<a href="#Output-1732261462" onClick='toggleBox("Output-1732261462", this, "Show output", "Hide output");'>Show output</a>

<a href="#Output-1732261462" onClick="toggleAllBoxes();">Show all outputs</a>
<div class='log' id="Output-1732261462">
[INFO 02-05-2019 19:18:17 -03:00] 48 is the Total of names in the States List<br/>
</div>
</td>
<td></td>
<td>0</td>
<td>com.upgrade.UpgradeAPITesting.tests.VerifyAllStateNamesAreValidTest@6a024a67</td></tr>
<tr>
<td title='com.upgrade.UpgradeAPITesting.tests.VerifyAllStateNamesAreValidTest.getStatesList()'><b>getStatesList</b><br>Test class: com.upgrade.UpgradeAPITesting.tests.VerifyAllStateNamesAreValidTest<br>Test method: Get States List</td>
<td></td>
<td>3</td>
<td>com.upgrade.UpgradeAPITesting.tests.VerifyAllStateNamesAreValidTest@6a024a67</td></tr>
<tr>
<td title='com.upgrade.UpgradeAPITesting.tests.VerifyMinAgeTest.getStatesList()'><b>getStatesList</b><br>Test class: com.upgrade.UpgradeAPITesting.tests.VerifyMinAgeTest<br>Test method: Get States List</td>
<td></td>
<td>1</td>
<td>com.upgrade.UpgradeAPITesting.tests.VerifyMinAgeTest@5034c75a</td></tr>
<tr>
<td title='com.upgrade.UpgradeAPITesting.tests.VerifyMinLoanTest.getStatesList()'><b>getStatesList</b><br>Test class: com.upgrade.UpgradeAPITesting.tests.VerifyMinLoanTest<br>Test method: Get States List</td>
<td></td>
<td>1</td>
<td>com.upgrade.UpgradeAPITesting.tests.VerifyMinLoanTest@58651fd0</td></tr>
</table><p>
</body>
</html>